<?xml version="1.0" encoding="UTF-8"?>
<!-- Generated by org.testng.reporters.JUnitXMLReporter -->
<testsuite ignored="0" hostname="DESKTOP-NM5FA6A" failures="1" tests="1" name="Test" time="12.476" errors="0" timestamp="2024-05-05T12:49:39 IST">
  <testcase classname="com.naveen.tests.LoginTests" name="verifyUserLoginWithCorrectCredentials" time="2.051">
    <failure type="java.lang.AssertionError" message="expected [Guru99 Bank Home Page] but found [Guru99 Bank Manager HomePage]">
      <![CDATA[java.lang.AssertionError: expected [Guru99 Bank Home Page] but found [Guru99 Bank Manager HomePage]
at com.naveen.tests.LoginTests.verifyUserLoginWithCorrectCredentials(LoginTests.java:23)
at java.base/java.util.ArrayList.forEach(ArrayList.java:1511)
... Removed 32 stack frames]]>
    </failure>
  </testcase> <!-- verifyUserLoginWithCorrectCredentials -->
</testsuite> <!-- Test -->
